<?xml version="1.0" encoding="UTF-8"?>
<!-- Generated by org.testng.reporters.JUnitXMLReporter -->
<testsuite ignored="0" hostname="Raji" failures="1" tests="2" name="ChromeTest" time="20.989" errors="0" timestamp="2025-01-11T11:48:33 IST">
  <testcase classname="testCases.TC001_AccountRegistrationTest" name="verifyAccountregistration" time="2.093"/>
  <testcase classname="testCases.TC002_AccountLoginTest" name="accountLogin" time="10.823">
    <failure type="java.lang.AssertionError" message="expected [true] but found [false]">
      <![CDATA[java.lang.AssertionError: expected [true] but found [false]
at testCases.TC002_AccountLoginTest.accountLogin(TC002_AccountLoginTest.java:26)
at java.base/java.util.ArrayList.forEach(ArrayList.java:1597)
at java.base/java.util.concurrent.FutureTask.run(FutureTask.java:317)
at java.base/java.util.concurrent.ThreadPoolExecutor.runWorker(ThreadPoolExecutor.java:1144)
at java.base/java.util.concurrent.ThreadPoolExecutor$Worker.run(ThreadPoolExecutor.java:642)
at java.base/java.lang.Thread.run(Thread.java:1575)
... Removed 22 stack frames]]>
    </failure>
  </testcase> <!-- accountLogin -->
</testsuite> <!-- ChromeTest -->
